#
# There is insufficient memory for the Java Runtime Environment to continue.
# Native memory allocation (mmap) failed to map 264241152 bytes for G1 virtual space
# Possible reasons:
#   The system is out of physical RAM or swap space
#   The process is running with CompressedOops enabled, and the Java Heap may be blocking the growth of the native heap
# Possible solutions:
#   Reduce memory load on the system
#   Increase physical memory or swap space
#   Check if swap backing store is full
#   Decrease Java heap size (-Xmx/-Xms)
#   Decrease number of Java threads
#   Decrease Java thread stack sizes (-Xss)
#   Set larger code cache with -XX:ReservedCodeCacheSize=
#   JVM is running with Zero Based Compressed Oops mode in which the Java heap is
#     placed in the first 32GB address space. The Java Heap base address is the
#     maximum limit for the native heap growth. Please use -XX:HeapBaseMinAddress
#     to set the Java Heap base and to place the Java Heap above 32GB virtual address.
# This output file may be truncated or incomplete.
#
#  Out of Memory Error (os_windows.cpp:3528), pid=12764, tid=14072
#
# JRE version:  (20.0.2+9) (build )
# Java VM: OpenJDK 64-Bit Server VM (20.0.2+9-78, mixed mode, sharing, tiered, compressed oops, compressed class ptrs, g1 gc, windows-amd64)
# No core dump will be written. Minidumps are not enabled by default on client versions of Windows
#

---------------  S U M M A R Y ------------

Command Line: -javaagent:C:\Program Files\JetBrains\IntelliJ IDEA 2022.2\lib\idea_rt.jar=53058:C:\Program Files\JetBrains\IntelliJ IDEA 2022.2\bin -Dfile.encoding=UTF-8 App.Main

Host: 11th Gen Intel(R) Core(TM) i3-1125G4 @ 2.00GHz, 8 cores, 15G,  Windows 11 , 64 bit Build 22621 (10.0.22621.3672)
Time: Sun Jul 14 18:59:23 2024 India Standard Time elapsed time: 0.016777 seconds (0d 0h 0m 0s)

---------------  T H R E A D  ---------------

Current thread (0x000002005b197960):  JavaThread "Unknown thread" [_thread_in_vm, id=14072, stack(0x00000043fa000000,0x00000043fa100000)]

Stack: [0x00000043fa000000,0x00000043fa100000]
Native frames: (J=compiled Java code, j=interpreted, Vv=VM code, C=native code)
V  [jvm.dll+0x6bc25a]
V  [jvm.dll+0x84971a]
V  [jvm.dll+0x84b315]
V  [jvm.dll+0x84ba13]
V  [jvm.dll+0x280e4f]
V  [jvm.dll+0x6b8fe9]
V  [jvm.dll+0x6adbca]
V  [jvm.dll+0x35b165]
V  [jvm.dll+0x363386]
V  [jvm.dll+0x3b400e]
V  [jvm.dll+0x3b4295]
V  [jvm.dll+0x32b86a]
V  [jvm.dll+0x32c68b]
V  [jvm.dll+0x8123df]
V  [jvm.dll+0x3c1261]
V  [jvm.dll+0x7fe103]
V  [jvm.dll+0x44ccaf]
V  [jvm.dll+0x44e621]
C  [jli.dll+0x5287]
C  [ucrtbase.dll+0x29333]
C  [KERNEL32.DLL+0x1257d]
C  [ntdll.dll+0x5af28]


---------------  P R O C E S S  ---------------

Threads class SMR info:
_java_thread_list=0x00007ffcdc38b118, length=0, elements={
}

Java Threads: ( => current thread )

Other Threads:
  0x000002005b204e10 WorkerThread "GC Thread#0" [stack: 0x00000043fa100000,0x00000043fa200000] [id=5708]
  0x0000020058f8de80 ConcurrentGCThread "G1 App.Main Marker" [stack: 0x00000043fa200000,0x00000043fa300000] [id=9772]
  0x0000020058f8e7c0 WorkerThread "G1 Conc#0" [stack: 0x00000043fa300000,0x00000043fa400000] [id=22532]

[error occurred during error reporting (printing all threads), id 0xc0000005, EXCEPTION_ACCESS_VIOLATION (0xc0000005) at pc=0x00007ffcdbb6eea7]
VM state: not at safepoint (not fully initialized)

VM Mutex/Monitor currently owned by a thread:  ([mutex/lock_event])
[0x000002005b195320] Heap_lock - owner thread: 0x000002005b197960

Heap address: 0x0000000705800000, size: 4008 MB, Compressed Oops mode: Zero based, Oop shift amount: 3

CDS archive(s) mapped at: [0x0000000000000000-0x0000000000000000-0x0000000000000000), size 0, SharedBaseAddress: 0x0000000800000000, ArchiveRelocationMode: 1.
Narrow klass base: 0x0000000000000000, Narrow klass shift: 0, Narrow klass range: 0x0

GC Precious Log:
 CardTable entry size: 512
 Card Set container configuration: InlinePtr #cards 4 size 8 Array Of Cards #cards 16 size 48 Howl #buckets 8 coarsen threshold 3686 Howl Bitmap #cards 512 size 80 coarsen threshold 460 Card regions per heap region 1 cards per card region 4096

Heap:
 garbage-first heap   total 0K, used 0K [0x0000000705800000, 0x0000000800000000)
  region size 2048K, 0 young (0K), 0 survivors (0K)

[error occurred during error reporting (printing heap information), id 0xc0000005, EXCEPTION_ACCESS_VIOLATION (0xc0000005) at pc=0x00007ffcdbf447b9]
GC Heap History (0 events):
No events

Dll operation events (1 events):
Event: 0.011 Loaded shared library C:\Users\Parsa\.jdks\openjdk-20.0.2\bin\java.dll

Deoptimization events (0 events):
No events

Classes loaded (0 events):
No events

Classes unloaded (0 events):
No events

Classes redefined (0 events):
No events

Internal exceptions (0 events):
No events

VM Operations (0 events):
No events

Events (0 events):
No events


Dynamic libraries:
0x00007ff75a6d0000 - 0x00007ff75a6de000 	C:\Users\Parsa\.jdks\openjdk-20.0.2\bin\java.exe
0x00007ffd2d070000 - 0x00007ffd2d287000 	C:\WINDOWS\SYSTEM32\ntdll.dll
0x00007ffd2af10000 - 0x00007ffd2afd4000 	C:\WINDOWS\System32\KERNEL32.DLL
0x00007ffd2a580000 - 0x00007ffd2a92d000 	C:\WINDOWS\System32\KERNELBASE.dll
0x00007ffd2a460000 - 0x00007ffd2a571000 	C:\WINDOWS\System32\ucrtbase.dll
0x00007ffd1ceb0000 - 0x00007ffd1cecb000 	C:\Users\Parsa\.jdks\openjdk-20.0.2\bin\VCRUNTIME140.dll
0x00007ffd1ce90000 - 0x00007ffd1cea7000 	C:\Users\Parsa\.jdks\openjdk-20.0.2\bin\jli.dll
0x00007ffd2c540000 - 0x00007ffd2c6ee000 	C:\WINDOWS\System32\USER32.dll
0x00007ffd0e650000 - 0x00007ffd0e8e3000 	C:\WINDOWS\WinSxS\amd64_microsoft.windows.common-controls_6595b64144ccf1df_6.0.22621.3672_none_2713b9d173822955\COMCTL32.dll
0x00007ffd2a960000 - 0x00007ffd2a986000 	C:\WINDOWS\System32\win32u.dll
0x00007ffd2add0000 - 0x00007ffd2ae77000 	C:\WINDOWS\System32\msvcrt.dll
0x00007ffd2aee0000 - 0x00007ffd2af09000 	C:\WINDOWS\System32\GDI32.dll
0x00007ffd2aa30000 - 0x00007ffd2ab49000 	C:\WINDOWS\System32\gdi32full.dll
0x00007ffd2a990000 - 0x00007ffd2aa2a000 	C:\WINDOWS\System32\msvcp_win.dll
0x00007ffd2c480000 - 0x00007ffd2c4b1000 	C:\WINDOWS\System32\IMM32.DLL
0x00007ffd21a10000 - 0x00007ffd21a1c000 	C:\Users\Parsa\.jdks\openjdk-20.0.2\bin\vcruntime140_1.dll
0x00007ffd087b0000 - 0x00007ffd0883e000 	C:\Users\Parsa\.jdks\openjdk-20.0.2\bin\msvcp140.dll
0x00007ffcdb830000 - 0x00007ffcdc4c8000 	C:\Users\Parsa\.jdks\openjdk-20.0.2\bin\server\jvm.dll
0x00007ffd2afe0000 - 0x00007ffd2b092000 	C:\WINDOWS\System32\ADVAPI32.dll
0x00007ffd2b160000 - 0x00007ffd2b209000 	C:\WINDOWS\System32\sechost.dll
0x00007ffd2a930000 - 0x00007ffd2a958000 	C:\WINDOWS\System32\bcrypt.dll
0x00007ffd2c6f0000 - 0x00007ffd2c804000 	C:\WINDOWS\System32\RPCRT4.dll
0x00007ffd21930000 - 0x00007ffd21939000 	C:\WINDOWS\SYSTEM32\WSOCK32.dll
0x00007ffd1fcb0000 - 0x00007ffd1fcba000 	C:\WINDOWS\SYSTEM32\VERSION.dll
0x00007ffd216e0000 - 0x00007ffd21714000 	C:\WINDOWS\SYSTEM32\WINMM.dll
0x00007ffd2c4c0000 - 0x00007ffd2c531000 	C:\WINDOWS\System32\WS2_32.dll
0x00007ffd293d0000 - 0x00007ffd293e8000 	C:\WINDOWS\SYSTEM32\kernel.appcore.dll
0x00007ffd217f0000 - 0x00007ffd217fa000 	C:\Users\Parsa\.jdks\openjdk-20.0.2\bin\jimage.dll
0x00007ffd27d10000 - 0x00007ffd27f42000 	C:\WINDOWS\SYSTEM32\DBGHELP.DLL
0x00007ffd2ba90000 - 0x00007ffd2be18000 	C:\WINDOWS\System32\combase.dll
0x00007ffd2c1c0000 - 0x00007ffd2c297000 	C:\WINDOWS\System32\OLEAUT32.dll
0x00007ffd06f50000 - 0x00007ffd06f82000 	C:\WINDOWS\SYSTEM32\dbgcore.DLL
0x00007ffd2ad30000 - 0x00007ffd2adab000 	C:\WINDOWS\System32\bcryptPrimitives.dll
0x00007ffd20e80000 - 0x00007ffd20e8e000 	C:\Users\Parsa\.jdks\openjdk-20.0.2\bin\instrument.dll
0x00007ffd0e970000 - 0x00007ffd0e996000 	C:\Users\Parsa\.jdks\openjdk-20.0.2\bin\java.dll

dbghelp: loaded successfully - version: 4.0.5 - missing functions: none
symbol engine: initialized successfully - sym options: 0x614 - pdb path: .;C:\Users\Parsa\.jdks\openjdk-20.0.2\bin;C:\WINDOWS\SYSTEM32;C:\WINDOWS\WinSxS\amd64_microsoft.windows.common-controls_6595b64144ccf1df_6.0.22621.3672_none_2713b9d173822955;C:\Users\Parsa\.jdks\openjdk-20.0.2\bin\server

VM Arguments:
jvm_args: -javaagent:C:\Program Files\JetBrains\IntelliJ IDEA 2022.2\lib\idea_rt.jar=53058:C:\Program Files\JetBrains\IntelliJ IDEA 2022.2\bin -Dfile.encoding=UTF-8 
java_command: App.Main
java_class_path (initial): D:\CodingPractices\Java\SimAnimals\out\production\SimAnimals
Launcher Type: SUN_STANDARD

[Global flags]
     intx CICompilerCount                          = 4                                         {product} {ergonomic}
     uint ConcGCThreads                            = 2                                         {product} {ergonomic}
     uint G1ConcRefinementThreads                  = 8                                         {product} {ergonomic}
   size_t G1HeapRegionSize                         = 2097152                                   {product} {ergonomic}
    uintx GCDrainStackTargetSize                   = 64                                        {product} {ergonomic}
   size_t InitialHeapSize                          = 264241152                                 {product} {ergonomic}
   size_t MarkStackSize                            = 4194304                                   {product} {ergonomic}
   size_t MaxHeapSize                              = 4202692608                                {product} {ergonomic}
   size_t MinHeapDeltaBytes                        = 2097152                                   {product} {ergonomic}
   size_t MinHeapSize                              = 8388608                                   {product} {ergonomic}
    uintx NonNMethodCodeHeapSize                   = 5839372                                {pd product} {ergonomic}
    uintx NonProfiledCodeHeapSize                  = 122909434                              {pd product} {ergonomic}
    uintx ProfiledCodeHeapSize                     = 122909434                              {pd product} {ergonomic}
    uintx ReservedCodeCacheSize                    = 251658240                              {pd product} {ergonomic}
     bool SegmentedCodeCache                       = true                                      {product} {ergonomic}
   size_t SoftMaxHeapSize                          = 4202692608                             {manageable} {ergonomic}
     bool UseCompressedClassPointers               = true                           {product lp64_product} {ergonomic}
     bool UseCompressedOops                        = true                           {product lp64_product} {ergonomic}
     bool UseG1GC                                  = true                                      {product} {ergonomic}
     bool UseLargePagesIndividualAllocation        = false                                  {pd product} {ergonomic}

Logging:
Log output configuration:
 #0: stdout all=warning uptime,level,tags foldmultilines=false
 #1: stderr all=off uptime,level,tags foldmultilines=false

Environment Variables:
JAVA_HOME=C:\Program Files\Java\jdk-20
PATH=C:\Program Files\Microsoft\jdk-11.0.16.101-hotspot\bin;C:\Program Files\Common Files\Oracle\Java\javapath;C:\Program Files (x86)\Common Files\Oracle\Java\javapath;C:\Program Files (x86)\Microsoft DirectX SDK (December 2006)\Utilities\Bin\x86;C:\WINDOWS\system32;C:\WINDOWS;C:\WINDOWS\System32\Wbem;C:\WINDOWS\System32\WindowsPowerShell\v1.0\;C:\WINDOWS\System32\OpenSSH\;C:\Program Files\dotnet\;C:\Program Files\Java\jdk-20\bin;C:\Program Files\Java\javafx-sdk-20.0.1\lib;C:\Gradle\gradle-8.2.1\bin;C:\Program Files\MySQL\MySQL Server 8.1\bin;C:\Program Files\Microsoft SQL Server\150\Tools\Binn\;C:\Program Files\Microsoft SQL Server\Client SDK\ODBC\170\Tools\Binn\;C:\Program Files\Git\cmd;C:\Program Files\MySQL\MySQL Shell 8.0\bin\;C:\Users\Parsa\AppData\Local\Programs\Python\Python311\Scripts\;C:\Users\Parsa\AppData\Local\Programs\Python\Python311\;C:\Program Files\Java\jdk-20\bin;C:\Users\Parsa\.dotnet\tools
USERNAME=Parsa
OS=Windows_NT
PROCESSOR_IDENTIFIER=Intel64 Family 6 Model 140 Stepping 1, GenuineIntel
TMP=C:\Users\Parsa\AppData\Local\Temp
TEMP=C:\Users\Parsa\AppData\Local\Temp




---------------  S Y S T E M  ---------------

OS:
 Windows 11 , 64 bit Build 22621 (10.0.22621.3672)
OS uptime: 9 days 15:13 hours

CPU: total 8 (initial active 8) (4 cores per cpu, 2 threads per core) family 6 model 140 stepping 1 microcode 0xb4, cx8, cmov, fxsr, ht, mmx, 3dnowpref, sse, sse2, sse3, ssse3, sse4.1, sse4.2, popcnt, lzcnt, tsc, tscinvbit, avx, avx2, aes, erms, clmul, bmi1, bmi2, adx, avx512f, avx512dq, avx512cd, avx512bw, avx512vl, sha, fma, vzeroupper, avx512_vpopcntdq, avx512_vpclmulqdq, avx512_vaes, avx512_vnni, clflush, clflushopt, clwb, avx512_vbmi2, avx512_vbmi, rdtscp, rdpid, fsrm, gfni, avx512_bitalg, f16c, pku, cet_ibt, cet_ss, avx512_ifma

Memory: 4k page, system-wide physical 16026M (1066M free)
TotalPageFile size 24026M (AvailPageFile size 143M)
current process WorkingSet (physical memory assigned to process): 11M, peak: 11M
current process commit charge ("private bytes"): 60M, peak: 312M

vm_info: OpenJDK 64-Bit Server VM (20.0.2+9-78) for windows-amd64 JRE (20.0.2+9-78), built on 2023-06-14T10:08:48Z by "mach5one" with MS VC++ 17.1 (VS2022)

END.
